2022-08-18 00:02:12.061 WARN  com.zaxxer.hikari.pool.HikariPool                 :787  [32m                  [0;39m HikariPool-3 - Thread starvation or clock leap detected (housekeeper delta=5m11s585ms).
2022-08-18 00:07:53.638 WARN  com.zaxxer.hikari.pool.HikariPool                 :787  [32m                  [0;39m HikariPool-3 - Thread starvation or clock leap detected (housekeeper delta=5m11s576ms).
2022-08-18 00:13:35.210 WARN  com.zaxxer.hikari.pool.HikariPool                 :787  [32m                  [0;39m HikariPool-3 - Thread starvation or clock leap detected (housekeeper delta=5m11s563ms).
2022-08-18 00:18:46.679 WARN  com.zaxxer.hikari.pool.HikariPool                 :787  [32m                  [0;39m HikariPool-3 - Thread starvation or clock leap detected (housekeeper delta=5m11s469ms).
2022-08-18 00:24:28.281 WARN  com.zaxxer.hikari.pool.HikariPool                 :787  [32m                  [0;39m HikariPool-3 - Thread starvation or clock leap detected (housekeeper delta=5m11s584ms).
2022-08-18 02:25:08.605 WARN  com.zaxxer.hikari.pool.HikariPool                 :787  [32m                  [0;39m HikariPool-3 - Thread starvation or clock leap detected (housekeeper delta=2h10s320ms).
2022-08-18 02:30:50.196 WARN  com.zaxxer.hikari.pool.HikariPool                 :787  [32m                  [0;39m HikariPool-3 - Thread starvation or clock leap detected (housekeeper delta=5m11s584ms).
2022-08-18 02:36:31.853 WARN  com.zaxxer.hikari.pool.HikariPool                 :787  [32m                  [0;39m HikariPool-3 - Thread starvation or clock leap detected (housekeeper delta=5m11s625ms).
2022-08-18 02:41:43.415 WARN  com.zaxxer.hikari.pool.HikariPool                 :787  [32m                  [0;39m HikariPool-3 - Thread starvation or clock leap detected (housekeeper delta=5m11s562ms).
2022-08-18 02:47:24.965 WARN  com.zaxxer.hikari.pool.HikariPool                 :787  [32m                  [0;39m HikariPool-3 - Thread starvation or clock leap detected (housekeeper delta=5m11s553ms).
2022-08-18 02:53:06.524 WARN  com.zaxxer.hikari.pool.HikariPool                 :787  [32m                  [0;39m HikariPool-3 - Thread starvation or clock leap detected (housekeeper delta=5m11s567ms).
2022-08-18 02:58:48.087 WARN  com.zaxxer.hikari.pool.HikariPool                 :787  [32m                  [0;39m HikariPool-3 - Thread starvation or clock leap detected (housekeeper delta=5m11s554ms).
2022-08-18 03:03:59.727 WARN  com.zaxxer.hikari.pool.HikariPool                 :787  [32m                  [0;39m HikariPool-3 - Thread starvation or clock leap detected (housekeeper delta=5m11s640ms).
2022-08-18 03:09:41.298 WARN  com.zaxxer.hikari.pool.HikariPool                 :787  [32m                  [0;39m HikariPool-3 - Thread starvation or clock leap detected (housekeeper delta=5m11s568ms).
2022-08-18 03:15:22.871 WARN  com.zaxxer.hikari.pool.HikariPool                 :787  [32m                  [0;39m HikariPool-3 - Thread starvation or clock leap detected (housekeeper delta=5m11s568ms).
2022-08-18 03:20:34.513 WARN  com.zaxxer.hikari.pool.HikariPool                 :787  [32m                  [0;39m HikariPool-3 - Thread starvation or clock leap detected (housekeeper delta=5m11s642ms).
2022-08-18 03:26:16.161 WARN  com.zaxxer.hikari.pool.HikariPool                 :787  [32m                  [0;39m HikariPool-3 - Thread starvation or clock leap detected (housekeeper delta=5m11s586ms).
2022-08-18 03:31:57.781 WARN  com.zaxxer.hikari.pool.HikariPool                 :787  [32m                  [0;39m HikariPool-3 - Thread starvation or clock leap detected (housekeeper delta=5m11s591ms).
2022-08-18 03:37:39.273 WARN  com.zaxxer.hikari.pool.HikariPool                 :787  [32m                  [0;39m HikariPool-3 - Thread starvation or clock leap detected (housekeeper delta=5m11s483ms).
2022-08-18 05:38:18.658 WARN  com.zaxxer.hikari.pool.HikariPool                 :787  [32m                  [0;39m HikariPool-3 - Thread starvation or clock leap detected (housekeeper delta=2h9s384ms).
2022-08-18 05:44:00.213 WARN  com.zaxxer.hikari.pool.HikariPool                 :787  [32m                  [0;39m HikariPool-3 - Thread starvation or clock leap detected (housekeeper delta=5m11s546ms).
2022-08-18 05:49:11.832 WARN  com.zaxxer.hikari.pool.HikariPool                 :787  [32m                  [0;39m HikariPool-3 - Thread starvation or clock leap detected (housekeeper delta=5m11s619ms).
2022-08-18 05:54:53.426 WARN  com.zaxxer.hikari.pool.HikariPool                 :787  [32m                  [0;39m HikariPool-3 - Thread starvation or clock leap detected (housekeeper delta=5m11s572ms).
2022-08-18 06:00:34.999 WARN  com.zaxxer.hikari.pool.HikariPool                 :787  [32m                  [0;39m HikariPool-3 - Thread starvation or clock leap detected (housekeeper delta=5m11s571ms).
2022-08-18 06:05:46.866 WARN  com.zaxxer.hikari.pool.HikariPool                 :787  [32m                  [0;39m HikariPool-3 - Thread starvation or clock leap detected (housekeeper delta=5m11s867ms).
2022-08-18 06:11:28.461 WARN  com.zaxxer.hikari.pool.HikariPool                 :787  [32m                  [0;39m HikariPool-3 - Thread starvation or clock leap detected (housekeeper delta=5m11s588ms).
2022-08-18 06:17:15.113 WARN  com.zaxxer.hikari.pool.HikariPool                 :787  [32m                  [0;39m HikariPool-3 - Thread starvation or clock leap detected (housekeeper delta=5m16s644ms).
2022-08-18 06:22:56.703 WARN  com.zaxxer.hikari.pool.HikariPool                 :787  [32m                  [0;39m HikariPool-3 - Thread starvation or clock leap detected (housekeeper delta=5m11s573ms).
2022-08-18 06:28:08.199 WARN  com.zaxxer.hikari.pool.HikariPool                 :787  [32m                  [0;39m HikariPool-3 - Thread starvation or clock leap detected (housekeeper delta=5m11s496ms).
2022-08-18 06:33:49.787 WARN  com.zaxxer.hikari.pool.HikariPool                 :787  [32m                  [0;39m HikariPool-3 - Thread starvation or clock leap detected (housekeeper delta=5m11s581ms).
2022-08-18 06:39:31.522 WARN  com.zaxxer.hikari.pool.HikariPool                 :787  [32m                  [0;39m HikariPool-3 - Thread starvation or clock leap detected (housekeeper delta=5m11s724ms).
2022-08-18 06:44:44.053 WARN  com.zaxxer.hikari.pool.HikariPool                 :787  [32m                  [0;39m HikariPool-3 - Thread starvation or clock leap detected (housekeeper delta=5m12s532ms).
2022-08-18 06:50:25.589 WARN  com.zaxxer.hikari.pool.HikariPool                 :787  [32m                  [0;39m HikariPool-3 - Thread starvation or clock leap detected (housekeeper delta=5m11s597ms).
2022-08-18 07:00:03.671 WARN  com.zaxxer.hikari.pool.HikariPool                 :787  [32m                  [0;39m HikariPool-3 - Thread starvation or clock leap detected (housekeeper delta=9m8s76ms).
2022-08-18 07:05:45.247 WARN  com.zaxxer.hikari.pool.HikariPool                 :787  [32m                  [0;39m HikariPool-3 - Thread starvation or clock leap detected (housekeeper delta=5m11s577ms).
2022-08-18 07:12:26.923 WARN  com.zaxxer.hikari.pool.HikariPool                 :787  [32m                  [0;39m HikariPool-3 - Thread starvation or clock leap detected (housekeeper delta=5m11s581ms).
2022-08-18 07:17:43.492 WARN  com.zaxxer.hikari.pool.HikariPool                 :787  [32m                  [0;39m HikariPool-3 - Thread starvation or clock leap detected (housekeeper delta=5m16s569ms).
2022-08-18 07:23:25.082 WARN  com.zaxxer.hikari.pool.HikariPool                 :787  [32m                  [0;39m HikariPool-3 - Thread starvation or clock leap detected (housekeeper delta=5m11s570ms).
2022-08-18 07:29:06.659 WARN  com.zaxxer.hikari.pool.HikariPool                 :787  [32m                  [0;39m HikariPool-3 - Thread starvation or clock leap detected (housekeeper delta=5m11s566ms).
2022-08-18 07:35:09.183 WARN  com.zaxxer.hikari.pool.HikariPool                 :787  [32m                  [0;39m HikariPool-3 - Thread starvation or clock leap detected (housekeeper delta=5m32s529ms).
2022-08-18 09:35:35.075 WARN  com.zaxxer.hikari.pool.HikariPool                 :787  [32m                  [0;39m HikariPool-3 - Thread starvation or clock leap detected (housekeeper delta=2h25s892ms).
2022-08-18 11:05:30.066 WARN  com.zaxxer.hikari.pool.HikariPool                 :787  [32m                  [0;39m HikariPool-3 - Thread starvation or clock leap detected (housekeeper delta=1h29m24s982ms).
2022-08-18 11:07:18.654 WARN  com.zaxxer.hikari.pool.HikariPool                 :787  [32m                  [0;39m HikariPool-3 - Thread starvation or clock leap detected (housekeeper delta=1m48s309ms).
2022-08-18 13:07:50.806 WARN  com.zaxxer.hikari.pool.HikariPool                 :787  [32m                  [0;39m HikariPool-3 - Thread starvation or clock leap detected (housekeeper delta=2h32s413ms).
2022-08-18 15:08:22.547 WARN  com.zaxxer.hikari.pool.HikariPool                 :787  [32m                  [0;39m HikariPool-3 - Thread starvation or clock leap detected (housekeeper delta=2h1s574ms).
2022-08-18 15:09:56.932 WARN  com.zaxxer.hikari.pool.HikariPool                 :787  [32m                  [0;39m HikariPool-3 - Thread starvation or clock leap detected (housekeeper delta=1m34s385ms).
2022-08-18 17:10:26.564 WARN  com.zaxxer.hikari.pool.HikariPool                 :787  [32m                  [0;39m HikariPool-3 - Thread starvation or clock leap detected (housekeeper delta=2h29s632ms).
2022-08-18 19:12:02.309 WARN  com.zaxxer.hikari.pool.HikariPool                 :787  [32m                  [0;39m HikariPool-3 - Thread starvation or clock leap detected (housekeeper delta=2h1m35s678ms).
2022-08-18 19:14:06.641 WARN  com.zaxxer.hikari.pool.HikariPool                 :787  [32m                  [0;39m HikariPool-3 - Thread starvation or clock leap detected (housekeeper delta=1m34s459ms).
2022-08-18 19:35:02.624 WARN  com.zaxxer.hikari.pool.HikariPool                 :787  [32m                  [0;39m HikariPool-3 - Thread starvation or clock leap detected (housekeeper delta=20m25s963ms).
2022-08-18 21:30:07.665 WARN  com.zaxxer.hikari.pool.HikariPool                 :787  [32m                  [0;39m HikariPool-3 - Thread starvation or clock leap detected (housekeeper delta=1h55m5s38ms).
2022-08-18 21:33:40.958 WARN  com.zaxxer.hikari.pool.HikariPool                 :787  [32m                  [0;39m HikariPool-3 - Thread starvation or clock leap detected (housekeeper delta=3m3s108ms).
2022-08-18 21:37:12.535 INFO  o.s.scheduling.concurrent.ThreadPoolTaskExecutor  :218  [32m                  [0;39m Shutting down ExecutorService 'applicationTaskExecutor'
2022-08-18 21:37:12.538 INFO  com.zaxxer.hikari.HikariDataSource                :350  [32m                  [0;39m HikariPool-3 - Shutdown initiated...
2022-08-18 21:37:12.547 INFO  com.zaxxer.hikari.HikariDataSource                :352  [32m                  [0;39m HikariPool-3 - Shutdown completed.
2022-08-18 21:41:03.846 INFO  org.hibernate.validator.internal.util.Version     :21   [32m                  [0;39m HV000001: Hibernate Validator 6.1.6.Final
2022-08-18 21:41:03.854 INFO  com.jiawa.wiki.config.WikiApplication             :55   [32m                  [0;39m Starting WikiApplication using Java 1.8.0_331 on appledembp with PID 1023 (/Users/apple/Downloads/wiki/target/classes started by apple in /Users/apple/Downloads/wiki)
2022-08-18 21:41:03.854 INFO  com.jiawa.wiki.config.WikiApplication             :660  [32m                  [0;39m No active profile set, falling back to default profiles: default
2022-08-18 21:41:03.900 INFO  o.s.b.d.env.DevToolsPropertyDefaultsPostProcessor :255  [32m                  [0;39m Devtools property defaults active! Set 'spring.devtools.add-properties' to 'false' to disable
2022-08-18 21:41:03.900 INFO  o.s.b.d.env.DevToolsPropertyDefaultsPostProcessor :255  [32m                  [0;39m For additional web related logging consider setting the 'logging.level.web' property to 'DEBUG'
2022-08-18 21:41:05.058 INFO  o.s.boot.web.embedded.tomcat.TomcatWebServer      :108  [32m                  [0;39m Tomcat initialized with port(s): 8888 (http)
2022-08-18 21:41:05.065 INFO  org.apache.coyote.http11.Http11NioProtocol        :173  [32m                  [0;39m Initializing ProtocolHandler ["http-nio-8888"]
2022-08-18 21:41:05.066 INFO  org.apache.catalina.core.StandardService          :173  [32m                  [0;39m Starting service [Tomcat]
2022-08-18 21:41:05.066 INFO  org.apache.catalina.core.StandardEngine           :173  [32m                  [0;39m Starting Servlet engine: [Apache Tomcat/9.0.39]
2022-08-18 21:41:05.116 INFO  o.a.c.core.ContainerBase.[Tomcat].[localhost].[/] :173  [32m                  [0;39m Initializing Spring embedded WebApplicationContext
2022-08-18 21:41:05.116 INFO  o.s.b.w.s.c.ServletWebServerApplicationContext    :289  [32m                  [0;39m Root WebApplicationContext: initialization completed in 1215 ms
2022-08-18 21:41:05.698 INFO  o.s.scheduling.concurrent.ThreadPoolTaskExecutor  :181  [32m                  [0;39m Initializing ExecutorService 'applicationTaskExecutor'
2022-08-18 21:41:05.957 INFO  o.s.b.d.autoconfigure.OptionalLiveReloadServer    :58   [32m                  [0;39m LiveReload server is running on port 35729
2022-08-18 21:41:05.973 INFO  org.apache.coyote.http11.Http11NioProtocol        :173  [32m                  [0;39m Starting ProtocolHandler ["http-nio-8888"]
2022-08-18 21:41:05.996 INFO  o.s.boot.web.embedded.tomcat.TomcatWebServer      :220  [32m                  [0;39m Tomcat started on port(s): 8888 (http) with context path ''
2022-08-18 21:41:06.006 INFO  com.jiawa.wiki.config.WikiApplication             :61   [32m                  [0;39m Started WikiApplication in 2.547 seconds (JVM running for 3.166)
2022-08-18 21:41:06.008 INFO  com.jiawa.wiki.config.WikiApplication             :21   [32m                  [0;39m å¯åŠ¨æˆåŠŸ!!!
2022-08-18 21:41:06.009 INFO  com.jiawa.wiki.config.WikiApplication             :22   [32m                  [0;39m åœ°å€: 	http://127.0.0.1:8888
2022-08-18 21:41:30.500 INFO  o.a.c.core.ContainerBase.[Tomcat].[localhost].[/] :173  [32m                  [0;39m Initializing Spring DispatcherServlet 'dispatcherServlet'
2022-08-18 21:41:30.501 INFO  org.springframework.web.servlet.DispatcherServlet :525  [32m                  [0;39m Initializing Servlet 'dispatcherServlet'
2022-08-18 21:41:30.502 INFO  org.springframework.web.servlet.DispatcherServlet :547  [32m                  [0;39m Completed initialization in 1 ms
2022-08-18 21:41:30.602 INFO  com.jiawa.wiki.aspect.LogAspect                   :44   [32m                  [0;39m ------------- å¼€å§‹ -------------
2022-08-18 21:41:30.603 INFO  com.jiawa.wiki.aspect.LogAspect                   :45   [32m                  [0;39m è¯·æ±‚åœ°å€: http://localhost:8888/ebook/list GET
2022-08-18 21:41:30.603 INFO  com.jiawa.wiki.aspect.LogAspect                   :46   [32m                  [0;39m ç±»åæ–¹æ³•: com.jiawa.wiki.controller.EbookController.list
2022-08-18 21:41:30.603 INFO  com.jiawa.wiki.aspect.LogAspect                   :47   [32m                  [0;39m è¿œç¨‹åœ°å€: 0:0:0:0:0:0:0:1
2022-08-18 21:41:30.655 INFO  com.jiawa.wiki.aspect.LogAspect                   :67   [32m                  [0;39m è¯·æ±‚å‚æ•°: [{"page":1,"size":100}]
2022-08-18 21:41:30.694 INFO  com.zaxxer.hikari.HikariDataSource                :110  [32m                  [0;39m HikariPool-1 - Starting...
2022-08-18 21:41:31.213 INFO  com.zaxxer.hikari.HikariDataSource                :123  [32m                  [0;39m HikariPool-1 - Start completed.
2022-08-18 21:41:31.260 DEBUG c.j.wiki.mapper.EbookMapper.selectByExample_COUNT :137  [32m                  [0;39m ==>  Preparing: SELECT count(0) FROM ebook
2022-08-18 21:41:31.280 DEBUG c.j.wiki.mapper.EbookMapper.selectByExample_COUNT :137  [32m                  [0;39m ==> Parameters: 
2022-08-18 21:41:31.333 TRACE c.j.wiki.mapper.EbookMapper.selectByExample_COUNT :143  [32m                  [0;39m <==    Columns: count(0)
2022-08-18 21:41:31.333 TRACE c.j.wiki.mapper.EbookMapper.selectByExample_COUNT :143  [32m                  [0;39m <==        Row: 5
2022-08-18 21:41:31.335 DEBUG c.j.wiki.mapper.EbookMapper.selectByExample_COUNT :137  [32m                  [0;39m <==      Total: 1
2022-08-18 21:41:31.337 DEBUG com.jiawa.wiki.mapper.EbookMapper.selectByExample :137  [32m                  [0;39m ==>  Preparing: select id, `name`, category1_id, category2_id, description, cover, doc_count, view_count, vote_count from ebook LIMIT ?
2022-08-18 21:41:31.338 DEBUG com.jiawa.wiki.mapper.EbookMapper.selectByExample :137  [32m                  [0;39m ==> Parameters: 100(Integer)
2022-08-18 21:41:31.374 TRACE com.jiawa.wiki.mapper.EbookMapper.selectByExample :143  [32m                  [0;39m <==    Columns: id, name, category1_id, category2_id, description, cover, doc_count, view_count, vote_count
2022-08-18 21:41:31.375 TRACE com.jiawa.wiki.mapper.EbookMapper.selectByExample :143  [32m                  [0;39m <==        Row: 1, SpringBootå…¥é—¨æ•™ç¨‹, 11, 2, é›¶åŸºç¡€å…¥é—¨Javaå¼€å‘,ä¼ä¸šçº§åº”ç”¨å¼€å‘æœ€ä½³é¦–é€‰æ¡†æž¶, /image/cover1.png, 3, 4, 5
2022-08-18 21:41:31.376 TRACE com.jiawa.wiki.mapper.EbookMapper.selectByExample :143  [32m                  [0;39m <==        Row: 2, Vue å…¥é—¨æ•™ç¨‹, null, null, é›¶åŸºç¡€å…¥é—¨ Vueå¼€å‘,ä¼ä¸šçº§åº”ç”¨å¼€å‘æœ€ä½³é¦–é€‰æ¡†æž¶, /image/cover2.png, null, null, null
2022-08-18 21:41:31.376 TRACE com.jiawa.wiki.mapper.EbookMapper.selectByExample :143  [32m                  [0;39m <==        Row: 3, Python å…¥é—¨æ•™ç¨‹, null, null, é›¶åŸºç¡€å…¥é—¨ Pythonå¼€å‘,ä¼ä¸šçº§åº”ç”¨å¼€å‘æœ€ä½³é¦–é€‰æ¡†æž¶, null, null, null, null
2022-08-18 21:41:31.377 TRACE com.jiawa.wiki.mapper.EbookMapper.selectByExample :143  [32m                  [0;39m <==        Row: 4, Mysql å…¥é—¨æ•™ç¨‹, null, null, é›¶åŸºç¡€å…¥é—¨ Mysqlå¼€å‘,ä¼ä¸šçº§åº”ç”¨å¼€å‘æœ€ä½³é¦–é€‰æ¡†æž¶, null, null, null, null
2022-08-18 21:41:31.377 TRACE com.jiawa.wiki.mapper.EbookMapper.selectByExample :143  [32m                  [0;39m <==        Row: 5, Oracle å…¥é—¨æ•™ç¨‹, 1, 2, é›¶åŸºç¡€å…¥é—¨ Oracleå¼€å‘,ä¼ä¸šçº§åº”ç”¨å¼€å‘æœ€ä½³é¦–é€‰æ¡†æž¶, null, null, null, null
2022-08-18 21:41:31.378 DEBUG com.jiawa.wiki.mapper.EbookMapper.selectByExample :137  [32m                  [0;39m <==      Total: 5
2022-08-18 21:41:31.380 INFO  com.jiawa.wiki.service.EbookService               :43   [32m                  [0;39m æ€»è¡Œæ•°: 5
2022-08-18 21:41:31.380 INFO  com.jiawa.wiki.service.EbookService               :44   [32m                  [0;39m æ€»é¡µæ•°: 1
2022-08-18 21:41:31.393 INFO  com.jiawa.wiki.aspect.LogAspect                   :79   [32m                  [0;39m è¿”å›žç»“æžœ: {"content":{"list":[{"category1Id":11,"category2Id":2,"cover":"/image/cover1.png","description":"é›¶åŸºç¡€å…¥é—¨Javaå¼€å‘,ä¼ä¸šçº§åº”ç”¨å¼€å‘æœ€ä½³é¦–é€‰æ¡†æž¶","docCount":3,"id":1,"name":"SpringBootå…¥é—¨æ•™ç¨‹","viewCount":4,"voteCount":5},{"cover":"/image/cover2.png","description":"é›¶åŸºç¡€å…¥é—¨ Vueå¼€å‘,ä¼ä¸šçº§åº”ç”¨å¼€å‘æœ€ä½³é¦–é€‰æ¡†æž¶","id":2,"name":"Vue å…¥é—¨æ•™ç¨‹"},{"description":"é›¶åŸºç¡€å…¥é—¨ Pythonå¼€å‘,ä¼ä¸šçº§åº”ç”¨å¼€å‘æœ€ä½³é¦–é€‰æ¡†æž¶","id":3,"name":"Python å…¥é—¨æ•™ç¨‹"},{"description":"é›¶åŸºç¡€å…¥é—¨ Mysqlå¼€å‘,ä¼ä¸šçº§åº”ç”¨å¼€å‘æœ€ä½³é¦–é€‰æ¡†æž¶","id":4,"name":"Mysql å…¥é—¨æ•™ç¨‹"},{"category1Id":1,"category2Id":2,"description":"é›¶åŸºç¡€å…¥é—¨ Oracleå¼€å‘,ä¼ä¸šçº§åº”ç”¨å¼€å‘æœ€ä½³é¦–é€‰æ¡†æž¶","id":5,"name":"Oracle å…¥é—¨æ•™ç¨‹"}],"total":5},"success":true}
2022-08-18 21:41:31.394 INFO  com.jiawa.wiki.aspect.LogAspect                   :80   [32m                  [0;39m ------------- ç»“æŸ è€—æ—¶ï¼š793 ms -------------
