2022-07-27 08:39:15.613 INFO  com.jiawa.wiki.config.WikiApplication             :55   [32m                  [0;39m Starting WikiApplication using Java 18.0.1 on appledembp with PID 19404 (/Users/apple/Downloads/wiki/target/classes started by apple in /Users/apple/Downloads/wiki)
2022-07-27 08:39:15.615 INFO  com.jiawa.wiki.config.WikiApplication             :660  [32m                  [0;39m No active profile set, falling back to default profiles: default
2022-07-27 08:39:16.051 INFO  o.s.boot.web.embedded.tomcat.TomcatWebServer      :108  [32m                  [0;39m Tomcat initialized with port(s): 8880 (http)
2022-07-27 08:39:16.056 INFO  org.apache.coyote.http11.Http11NioProtocol        :173  [32m                  [0;39m Initializing ProtocolHandler ["http-nio-8880"]
2022-07-27 08:39:16.056 INFO  org.apache.catalina.core.StandardService          :173  [32m                  [0;39m Starting service [Tomcat]
2022-07-27 08:39:16.056 INFO  org.apache.catalina.core.StandardEngine           :173  [32m                  [0;39m Starting Servlet engine: [Apache Tomcat/9.0.39]
2022-07-27 08:39:16.094 INFO  o.a.c.core.ContainerBase.[Tomcat].[localhost].[/] :173  [32m                  [0;39m Initializing Spring embedded WebApplicationContext
2022-07-27 08:39:16.094 INFO  o.s.b.w.s.c.ServletWebServerApplicationContext    :289  [32m                  [0;39m Root WebApplicationContext: initialization completed in 451 ms
2022-07-27 08:39:16.188 INFO  o.s.scheduling.concurrent.ThreadPoolTaskExecutor  :181  [32m                  [0;39m Initializing ExecutorService 'applicationTaskExecutor'
2022-07-27 08:39:16.268 INFO  org.apache.coyote.http11.Http11NioProtocol        :173  [32m                  [0;39m Starting ProtocolHandler ["http-nio-8880"]
2022-07-27 08:39:16.279 INFO  o.s.boot.web.embedded.tomcat.TomcatWebServer      :220  [32m                  [0;39m Tomcat started on port(s): 8880 (http) with context path ''
2022-07-27 08:39:16.287 INFO  com.jiawa.wiki.config.WikiApplication             :61   [32m                  [0;39m Started WikiApplication in 0.957 seconds (JVM running for 1.377)
2022-07-27 08:39:16.289 INFO  com.jiawa.wiki.config.WikiApplication             :19   [32m                  [0;39m 启动成功!!!
2022-07-27 08:39:16.289 INFO  com.jiawa.wiki.config.WikiApplication             :20   [32m                  [0;39m 地址: 	http://127.0.0.1:8880
2022-07-27 08:39:21.699 INFO  o.a.c.core.ContainerBase.[Tomcat].[localhost].[/] :173  [32m                  [0;39m Initializing Spring DispatcherServlet 'dispatcherServlet'
2022-07-27 08:39:21.699 INFO  org.springframework.web.servlet.DispatcherServlet :525  [32m                  [0;39m Initializing Servlet 'dispatcherServlet'
2022-07-27 08:39:21.700 INFO  org.springframework.web.servlet.DispatcherServlet :547  [32m                  [0;39m Completed initialization in 1 ms
2022-07-27 08:50:20.452 INFO  o.s.scheduling.concurrent.ThreadPoolTaskExecutor  :218  [32m                  [0;39m Shutting down ExecutorService 'applicationTaskExecutor'
2022-07-27 08:50:24.222 INFO  com.jiawa.wiki.config.WikiApplication             :55   [32m                  [0;39m Starting WikiApplication using Java 18.0.1 on appledembp with PID 19535 (/Users/apple/Downloads/wiki/target/classes started by apple in /Users/apple/Downloads/wiki)
2022-07-27 08:50:24.225 INFO  com.jiawa.wiki.config.WikiApplication             :660  [32m                  [0;39m No active profile set, falling back to default profiles: default
2022-07-27 08:50:24.663 INFO  o.s.boot.web.embedded.tomcat.TomcatWebServer      :108  [32m                  [0;39m Tomcat initialized with port(s): 8880 (http)
2022-07-27 08:50:24.668 INFO  org.apache.coyote.http11.Http11NioProtocol        :173  [32m                  [0;39m Initializing ProtocolHandler ["http-nio-8880"]
2022-07-27 08:50:24.669 INFO  org.apache.catalina.core.StandardService          :173  [32m                  [0;39m Starting service [Tomcat]
2022-07-27 08:50:24.669 INFO  org.apache.catalina.core.StandardEngine           :173  [32m                  [0;39m Starting Servlet engine: [Apache Tomcat/9.0.39]
2022-07-27 08:50:24.707 INFO  o.a.c.core.ContainerBase.[Tomcat].[localhost].[/] :173  [32m                  [0;39m Initializing Spring embedded WebApplicationContext
2022-07-27 08:50:24.707 INFO  o.s.b.w.s.c.ServletWebServerApplicationContext    :289  [32m                  [0;39m Root WebApplicationContext: initialization completed in 452 ms
2022-07-27 08:50:24.804 INFO  o.s.scheduling.concurrent.ThreadPoolTaskExecutor  :181  [32m                  [0;39m Initializing ExecutorService 'applicationTaskExecutor'
2022-07-27 08:50:24.886 INFO  org.apache.coyote.http11.Http11NioProtocol        :173  [32m                  [0;39m Starting ProtocolHandler ["http-nio-8880"]
2022-07-27 08:50:24.897 INFO  o.s.boot.web.embedded.tomcat.TomcatWebServer      :220  [32m                  [0;39m Tomcat started on port(s): 8880 (http) with context path ''
2022-07-27 08:50:24.905 INFO  com.jiawa.wiki.config.WikiApplication             :61   [32m                  [0;39m Started WikiApplication in 0.926 seconds (JVM running for 1.348)
2022-07-27 08:50:24.906 INFO  com.jiawa.wiki.config.WikiApplication             :19   [32m                  [0;39m 启动成功!!!
2022-07-27 08:50:24.907 INFO  com.jiawa.wiki.config.WikiApplication             :20   [32m                  [0;39m 地址: 	http://127.0.0.1:8880
2022-07-27 08:50:28.934 INFO  o.a.c.core.ContainerBase.[Tomcat].[localhost].[/] :173  [32m                  [0;39m Initializing Spring DispatcherServlet 'dispatcherServlet'
2022-07-27 08:50:28.935 INFO  org.springframework.web.servlet.DispatcherServlet :525  [32m                  [0;39m Initializing Servlet 'dispatcherServlet'
2022-07-27 08:50:28.935 INFO  org.springframework.web.servlet.DispatcherServlet :547  [32m                  [0;39m Completed initialization in 0 ms
2022-07-27 15:31:58.556 INFO  o.s.scheduling.concurrent.ThreadPoolTaskExecutor  :218  [32m                  [0;39m Shutting down ExecutorService 'applicationTaskExecutor'
2022-07-27 15:32:02.601 INFO  com.jiawa.wiki.config.WikiApplication             :55   [32m                  [0;39m Starting WikiApplication using Java 18.0.1 on appledembp with PID 22184 (/Users/apple/Downloads/wiki/target/classes started by apple in /Users/apple/Downloads/wiki)
2022-07-27 15:32:02.603 INFO  com.jiawa.wiki.config.WikiApplication             :660  [32m                  [0;39m No active profile set, falling back to default profiles: default
2022-07-27 15:32:03.018 INFO  o.s.boot.web.embedded.tomcat.TomcatWebServer      :108  [32m                  [0;39m Tomcat initialized with port(s): 8880 (http)
2022-07-27 15:32:03.023 INFO  org.apache.coyote.http11.Http11NioProtocol        :173  [32m                  [0;39m Initializing ProtocolHandler ["http-nio-8880"]
2022-07-27 15:32:03.024 INFO  org.apache.catalina.core.StandardService          :173  [32m                  [0;39m Starting service [Tomcat]
2022-07-27 15:32:03.024 INFO  org.apache.catalina.core.StandardEngine           :173  [32m                  [0;39m Starting Servlet engine: [Apache Tomcat/9.0.39]
2022-07-27 15:32:03.065 INFO  o.a.c.core.ContainerBase.[Tomcat].[localhost].[/] :173  [32m                  [0;39m Initializing Spring embedded WebApplicationContext
2022-07-27 15:32:03.065 INFO  o.s.b.w.s.c.ServletWebServerApplicationContext    :289  [32m                  [0;39m Root WebApplicationContext: initialization completed in 430 ms
2022-07-27 15:32:03.158 INFO  o.s.scheduling.concurrent.ThreadPoolTaskExecutor  :181  [32m                  [0;39m Initializing ExecutorService 'applicationTaskExecutor'
2022-07-27 15:32:03.234 INFO  org.apache.coyote.http11.Http11NioProtocol        :173  [32m                  [0;39m Starting ProtocolHandler ["http-nio-8880"]
2022-07-27 15:32:03.245 INFO  o.s.boot.web.embedded.tomcat.TomcatWebServer      :220  [32m                  [0;39m Tomcat started on port(s): 8880 (http) with context path ''
2022-07-27 15:32:03.253 INFO  com.jiawa.wiki.config.WikiApplication             :61   [32m                  [0;39m Started WikiApplication in 0.884 seconds (JVM running for 1.231)
2022-07-27 15:32:03.254 INFO  com.jiawa.wiki.config.WikiApplication             :19   [32m                  [0;39m 启动成功!!!
2022-07-27 15:32:03.255 INFO  com.jiawa.wiki.config.WikiApplication             :20   [32m                  [0;39m 地址: 	http://127.0.0.1:8880
2022-07-27 15:50:12.398 INFO  o.a.c.core.ContainerBase.[Tomcat].[localhost].[/] :173  [32m                  [0;39m Initializing Spring DispatcherServlet 'dispatcherServlet'
2022-07-27 15:50:12.398 INFO  org.springframework.web.servlet.DispatcherServlet :525  [32m                  [0;39m Initializing Servlet 'dispatcherServlet'
2022-07-27 15:50:12.399 INFO  org.springframework.web.servlet.DispatcherServlet :547  [32m                  [0;39m Completed initialization in 1 ms
2022-07-27 15:50:56.107 INFO  o.s.scheduling.concurrent.ThreadPoolTaskExecutor  :218  [32m                  [0;39m Shutting down ExecutorService 'applicationTaskExecutor'
2022-07-27 15:50:58.025 INFO  com.jiawa.wiki.config.WikiApplication             :55   [32m                  [0;39m Starting WikiApplication using Java 18.0.1 on appledembp with PID 22497 (/Users/apple/Downloads/wiki/target/classes started by apple in /Users/apple/Downloads/wiki)
2022-07-27 15:50:58.027 INFO  com.jiawa.wiki.config.WikiApplication             :660  [32m                  [0;39m No active profile set, falling back to default profiles: default
2022-07-27 15:50:58.566 INFO  o.s.boot.web.embedded.tomcat.TomcatWebServer      :108  [32m                  [0;39m Tomcat initialized with port(s): 8880 (http)
2022-07-27 15:50:58.570 INFO  org.apache.coyote.http11.Http11NioProtocol        :173  [32m                  [0;39m Initializing ProtocolHandler ["http-nio-8880"]
2022-07-27 15:50:58.571 INFO  org.apache.catalina.core.StandardService          :173  [32m                  [0;39m Starting service [Tomcat]
2022-07-27 15:50:58.571 INFO  org.apache.catalina.core.StandardEngine           :173  [32m                  [0;39m Starting Servlet engine: [Apache Tomcat/9.0.39]
2022-07-27 15:50:58.608 INFO  o.a.c.core.ContainerBase.[Tomcat].[localhost].[/] :173  [32m                  [0;39m Initializing Spring embedded WebApplicationContext
2022-07-27 15:50:58.608 INFO  o.s.b.w.s.c.ServletWebServerApplicationContext    :289  [32m                  [0;39m Root WebApplicationContext: initialization completed in 544 ms
2022-07-27 15:50:58.653 INFO  c.a.d.s.b.a.DruidDataSourceAutoConfigure          :56   [32m                  [0;39m Init DruidDataSource
2022-07-27 15:50:58.701 ERROR com.alibaba.druid.pool.DruidDataSource            :1197 [32m                  [0;39m testWhileIdle is true, validationQuery not set
2022-07-27 15:50:58.705 INFO  com.alibaba.druid.pool.DruidDataSource            :994  [32m                  [0;39m {dataSource-1} inited
2022-07-27 15:50:58.877 INFO  o.s.scheduling.concurrent.ThreadPoolTaskExecutor  :181  [32m                  [0;39m Initializing ExecutorService 'applicationTaskExecutor'
2022-07-27 15:50:59.007 INFO  org.apache.coyote.http11.Http11NioProtocol        :173  [32m                  [0;39m Starting ProtocolHandler ["http-nio-8880"]
2022-07-27 15:50:59.016 INFO  o.s.boot.web.embedded.tomcat.TomcatWebServer      :220  [32m                  [0;39m Tomcat started on port(s): 8880 (http) with context path ''
2022-07-27 15:50:59.024 INFO  com.jiawa.wiki.config.WikiApplication             :61   [32m                  [0;39m Started WikiApplication in 1.233 seconds (JVM running for 1.617)
2022-07-27 15:50:59.025 INFO  com.jiawa.wiki.config.WikiApplication             :21   [32m                  [0;39m 启动成功!!!
2022-07-27 15:50:59.026 INFO  com.jiawa.wiki.config.WikiApplication             :22   [32m                  [0;39m 地址: 	http://127.0.0.1:8880
2022-07-27 15:51:00.650 INFO  o.a.c.core.ContainerBase.[Tomcat].[localhost].[/] :173  [32m                  [0;39m Initializing Spring DispatcherServlet 'dispatcherServlet'
2022-07-27 15:51:00.650 INFO  org.springframework.web.servlet.DispatcherServlet :525  [32m                  [0;39m Initializing Servlet 'dispatcherServlet'
2022-07-27 15:51:00.651 INFO  org.springframework.web.servlet.DispatcherServlet :547  [32m                  [0;39m Completed initialization in 1 ms
